node:internal/modules/cjs/loader:1408
  throw err;
  ^

Error: Cannot find module '/Users/user268436/Desktop/BoilerBuzz/Server/aggregate.js'
    at Function._resolveFilename (node:internal/modules/cjs/loader:1405:15)
    at defaultResolveImpl (node:internal/modules/cjs/loader:1061:19)
    at resolveForCJSWithHooks (node:internal/modules/cjs/loader:1066:22)
    at Function._load (node:internal/modules/cjs/loader:1215:37)
    at TracingChannel.traceSync (node:diagnostics_channel:322:14)
    at wrapModuleLoad (node:internal/modules/cjs/loader:235:24)
    at Function.executeUserEntryPoint [as runMain] (node:internal/modules/run_main:151:5)
    at node:internal/main/run_main_module:33:47 {
  code: 'MODULE_NOT_FOUND',
  requireStack: []
}

Node.js v23.10.0
node:internal/modules/cjs/loader:1408
  throw err;
  ^

Error: Cannot find module '/Users/user268436/Desktop/BoilerBuzz/Server/aggregate.js'
    at Function._resolveFilename (node:internal/modules/cjs/loader:1405:15)
    at defaultResolveImpl (node:internal/modules/cjs/loader:1061:19)
    at resolveForCJSWithHooks (node:internal/modules/cjs/loader:1066:22)
    at Function._load (node:internal/modules/cjs/loader:1215:37)
    at TracingChannel.traceSync (node:diagnostics_channel:322:14)
    at wrapModuleLoad (node:internal/modules/cjs/loader:235:24)
    at Function.executeUserEntryPoint [as runMain] (node:internal/modules/run_main:151:5)
    at node:internal/main/run_main_module:33:47 {
  code: 'MODULE_NOT_FOUND',
  requireStack: []
}

Node.js v23.10.0
node:internal/modules/cjs/loader:1408
  throw err;
  ^

Error: Cannot find module '/Users/user268436/Desktop/BoilerBuzz/Server/aggregate.js'
    at Function._resolveFilename (node:internal/modules/cjs/loader:1405:15)
    at defaultResolveImpl (node:internal/modules/cjs/loader:1061:19)
    at resolveForCJSWithHooks (node:internal/modules/cjs/loader:1066:22)
    at Function._load (node:internal/modules/cjs/loader:1215:37)
    at TracingChannel.traceSync (node:diagnostics_channel:322:14)
    at wrapModuleLoad (node:internal/modules/cjs/loader:235:24)
    at Function.executeUserEntryPoint [as runMain] (node:internal/modules/run_main:151:5)
    at node:internal/main/run_main_module:33:47 {
  code: 'MODULE_NOT_FOUND',
  requireStack: []
}

Node.js v23.10.0
node:internal/modules/cjs/loader:1408
  throw err;
  ^

Error: Cannot find module '/Users/user268436/Desktop/BoilerBuzz/Server/aggregate.js'
    at Function._resolveFilename (node:internal/modules/cjs/loader:1405:15)
    at defaultResolveImpl (node:internal/modules/cjs/loader:1061:19)
    at resolveForCJSWithHooks (node:internal/modules/cjs/loader:1066:22)
    at Function._load (node:internal/modules/cjs/loader:1215:37)
    at TracingChannel.traceSync (node:diagnostics_channel:322:14)
    at wrapModuleLoad (node:internal/modules/cjs/loader:235:24)
    at Function.executeUserEntryPoint [as runMain] (node:internal/modules/run_main:151:5)
    at node:internal/main/run_main_module:33:47 {
  code: 'MODULE_NOT_FOUND',
  requireStack: []
}

Node.js v23.10.0
node:internal/modules/cjs/loader:1408
  throw err;
  ^

Error: Cannot find module '/Users/user268436/Desktop/BoilerBuzz/Server/aggregate.js'
    at Function._resolveFilename (node:internal/modules/cjs/loader:1405:15)
    at defaultResolveImpl (node:internal/modules/cjs/loader:1061:19)
    at resolveForCJSWithHooks (node:internal/modules/cjs/loader:1066:22)
    at Function._load (node:internal/modules/cjs/loader:1215:37)
    at TracingChannel.traceSync (node:diagnostics_channel:322:14)
    at wrapModuleLoad (node:internal/modules/cjs/loader:235:24)
    at Function.executeUserEntryPoint [as runMain] (node:internal/modules/run_main:151:5)
    at node:internal/main/run_main_module:33:47 {
  code: 'MODULE_NOT_FOUND',
  requireStack: []
}

Node.js v23.10.0
node:internal/modules/cjs/loader:1408
  throw err;
  ^

Error: Cannot find module '/Users/user268436/Desktop/BoilerBuzz/Server/aggregate.js'
    at Function._resolveFilename (node:internal/modules/cjs/loader:1405:15)
    at defaultResolveImpl (node:internal/modules/cjs/loader:1061:19)
    at resolveForCJSWithHooks (node:internal/modules/cjs/loader:1066:22)
    at Function._load (node:internal/modules/cjs/loader:1215:37)
    at TracingChannel.traceSync (node:diagnostics_channel:322:14)
    at wrapModuleLoad (node:internal/modules/cjs/loader:235:24)
    at Function.executeUserEntryPoint [as runMain] (node:internal/modules/run_main:151:5)
    at node:internal/main/run_main_module:33:47 {
  code: 'MODULE_NOT_FOUND',
  requireStack: []
}

Node.js v23.10.0
node:internal/modules/cjs/loader:1408
  throw err;
  ^

Error: Cannot find module '/Users/user268436/Desktop/BoilerBuzz/Server/aggregate.js'
    at Function._resolveFilename (node:internal/modules/cjs/loader:1405:15)
    at defaultResolveImpl (node:internal/modules/cjs/loader:1061:19)
    at resolveForCJSWithHooks (node:internal/modules/cjs/loader:1066:22)
    at Function._load (node:internal/modules/cjs/loader:1215:37)
    at TracingChannel.traceSync (node:diagnostics_channel:322:14)
    at wrapModuleLoad (node:internal/modules/cjs/loader:235:24)
    at Function.executeUserEntryPoint [as runMain] (node:internal/modules/run_main:151:5)
    at node:internal/main/run_main_module:33:47 {
  code: 'MODULE_NOT_FOUND',
  requireStack: []
}

Node.js v23.10.0
node:internal/modules/cjs/loader:1408
  throw err;
  ^

Error: Cannot find module '/Users/user268436/Desktop/BoilerBuzz/Server/aggregate.js'
    at Function._resolveFilename (node:internal/modules/cjs/loader:1405:15)
    at defaultResolveImpl (node:internal/modules/cjs/loader:1061:19)
    at resolveForCJSWithHooks (node:internal/modules/cjs/loader:1066:22)
    at Function._load (node:internal/modules/cjs/loader:1215:37)
    at TracingChannel.traceSync (node:diagnostics_channel:322:14)
    at wrapModuleLoad (node:internal/modules/cjs/loader:235:24)
    at Function.executeUserEntryPoint [as runMain] (node:internal/modules/run_main:151:5)
    at node:internal/main/run_main_module:33:47 {
  code: 'MODULE_NOT_FOUND',
  requireStack: []
}

Node.js v23.10.0
node:internal/modules/cjs/loader:1408
  throw err;
  ^

Error: Cannot find module '/Users/user268436/Desktop/BoilerBuzz/Server/aggregate.js'
    at Function._resolveFilename (node:internal/modules/cjs/loader:1405:15)
    at defaultResolveImpl (node:internal/modules/cjs/loader:1061:19)
    at resolveForCJSWithHooks (node:internal/modules/cjs/loader:1066:22)
    at Function._load (node:internal/modules/cjs/loader:1215:37)
    at TracingChannel.traceSync (node:diagnostics_channel:322:14)
    at wrapModuleLoad (node:internal/modules/cjs/loader:235:24)
    at Function.executeUserEntryPoint [as runMain] (node:internal/modules/run_main:151:5)
    at node:internal/main/run_main_module:33:47 {
  code: 'MODULE_NOT_FOUND',
  requireStack: []
}

Node.js v23.10.0
node:internal/modules/cjs/loader:1408
  throw err;
  ^

Error: Cannot find module '/Users/user268436/Desktop/BoilerBuzz/Server/aggregate.js'
    at Function._resolveFilename (node:internal/modules/cjs/loader:1405:15)
    at defaultResolveImpl (node:internal/modules/cjs/loader:1061:19)
    at resolveForCJSWithHooks (node:internal/modules/cjs/loader:1066:22)
    at Function._load (node:internal/modules/cjs/loader:1215:37)
    at TracingChannel.traceSync (node:diagnostics_channel:322:14)
    at wrapModuleLoad (node:internal/modules/cjs/loader:235:24)
    at Function.executeUserEntryPoint [as runMain] (node:internal/modules/run_main:151:5)
    at node:internal/main/run_main_module:33:47 {
  code: 'MODULE_NOT_FOUND',
  requireStack: []
}

Node.js v23.10.0
node:internal/modules/cjs/loader:1408
  throw err;
  ^

Error: Cannot find module '/Users/user268436/Desktop/BoilerBuzz/Server/aggregate.js'
    at Function._resolveFilename (node:internal/modules/cjs/loader:1405:15)
    at defaultResolveImpl (node:internal/modules/cjs/loader:1061:19)
    at resolveForCJSWithHooks (node:internal/modules/cjs/loader:1066:22)
    at Function._load (node:internal/modules/cjs/loader:1215:37)
    at TracingChannel.traceSync (node:diagnostics_channel:322:14)
    at wrapModuleLoad (node:internal/modules/cjs/loader:235:24)
    at Function.executeUserEntryPoint [as runMain] (node:internal/modules/run_main:151:5)
    at node:internal/main/run_main_module:33:47 {
  code: 'MODULE_NOT_FOUND',
  requireStack: []
}

Node.js v23.10.0
node:internal/modules/cjs/loader:1408
  throw err;
  ^

Error: Cannot find module '/Users/user268436/Desktop/BoilerBuzz/Server/aggregate.js'
    at Function._resolveFilename (node:internal/modules/cjs/loader:1405:15)
    at defaultResolveImpl (node:internal/modules/cjs/loader:1061:19)
    at resolveForCJSWithHooks (node:internal/modules/cjs/loader:1066:22)
    at Function._load (node:internal/modules/cjs/loader:1215:37)
    at TracingChannel.traceSync (node:diagnostics_channel:322:14)
    at wrapModuleLoad (node:internal/modules/cjs/loader:235:24)
    at Function.executeUserEntryPoint [as runMain] (node:internal/modules/run_main:151:5)
    at node:internal/main/run_main_module:33:47 {
  code: 'MODULE_NOT_FOUND',
  requireStack: []
}

Node.js v23.10.0
node:internal/modules/cjs/loader:1408
  throw err;
  ^

Error: Cannot find module '/Users/user268436/Desktop/BoilerBuzz/Server/aggregate.js'
    at Function._resolveFilename (node:internal/modules/cjs/loader:1405:15)
    at defaultResolveImpl (node:internal/modules/cjs/loader:1061:19)
    at resolveForCJSWithHooks (node:internal/modules/cjs/loader:1066:22)
    at Function._load (node:internal/modules/cjs/loader:1215:37)
    at TracingChannel.traceSync (node:diagnostics_channel:322:14)
    at wrapModuleLoad (node:internal/modules/cjs/loader:235:24)
    at Function.executeUserEntryPoint [as runMain] (node:internal/modules/run_main:151:5)
    at node:internal/main/run_main_module:33:47 {
  code: 'MODULE_NOT_FOUND',
  requireStack: []
}

Node.js v23.10.0
node:internal/modules/cjs/loader:1408
  throw err;
  ^

Error: Cannot find module '/Users/user268436/Desktop/BoilerBuzz/Server/aggregate.js'
    at Function._resolveFilename (node:internal/modules/cjs/loader:1405:15)
    at defaultResolveImpl (node:internal/modules/cjs/loader:1061:19)
    at resolveForCJSWithHooks (node:internal/modules/cjs/loader:1066:22)
    at Function._load (node:internal/modules/cjs/loader:1215:37)
    at TracingChannel.traceSync (node:diagnostics_channel:322:14)
    at wrapModuleLoad (node:internal/modules/cjs/loader:235:24)
    at Function.executeUserEntryPoint [as runMain] (node:internal/modules/run_main:151:5)
    at node:internal/main/run_main_module:33:47 {
  code: 'MODULE_NOT_FOUND',
  requireStack: []
}

Node.js v23.10.0
node:internal/modules/cjs/loader:1408
  throw err;
  ^

Error: Cannot find module '/Users/user268436/Desktop/BoilerBuzz/Server/aggregate.js'
    at Function._resolveFilename (node:internal/modules/cjs/loader:1405:15)
    at defaultResolveImpl (node:internal/modules/cjs/loader:1061:19)
    at resolveForCJSWithHooks (node:internal/modules/cjs/loader:1066:22)
    at Function._load (node:internal/modules/cjs/loader:1215:37)
    at TracingChannel.traceSync (node:diagnostics_channel:322:14)
    at wrapModuleLoad (node:internal/modules/cjs/loader:235:24)
    at Function.executeUserEntryPoint [as runMain] (node:internal/modules/run_main:151:5)
    at node:internal/main/run_main_module:33:47 {
  code: 'MODULE_NOT_FOUND',
  requireStack: []
}

Node.js v23.10.0
node:internal/modules/cjs/loader:1408
  throw err;
  ^

Error: Cannot find module '/Users/user268436/Desktop/BoilerBuzz/Server/aggregate.js'
    at Function._resolveFilename (node:internal/modules/cjs/loader:1405:15)
    at defaultResolveImpl (node:internal/modules/cjs/loader:1061:19)
    at resolveForCJSWithHooks (node:internal/modules/cjs/loader:1066:22)
    at Function._load (node:internal/modules/cjs/loader:1215:37)
    at TracingChannel.traceSync (node:diagnostics_channel:322:14)
    at wrapModuleLoad (node:internal/modules/cjs/loader:235:24)
    at Function.executeUserEntryPoint [as runMain] (node:internal/modules/run_main:151:5)
    at node:internal/main/run_main_module:33:47 {
  code: 'MODULE_NOT_FOUND',
  requireStack: []
}

Node.js v23.10.0
node:internal/modules/cjs/loader:1408
  throw err;
  ^

Error: Cannot find module '/Users/user268436/Desktop/BoilerBuzz/Server/aggregate.js'
    at Function._resolveFilename (node:internal/modules/cjs/loader:1405:15)
    at defaultResolveImpl (node:internal/modules/cjs/loader:1061:19)
    at resolveForCJSWithHooks (node:internal/modules/cjs/loader:1066:22)
    at Function._load (node:internal/modules/cjs/loader:1215:37)
    at TracingChannel.traceSync (node:diagnostics_channel:322:14)
    at wrapModuleLoad (node:internal/modules/cjs/loader:235:24)
    at Function.executeUserEntryPoint [as runMain] (node:internal/modules/run_main:151:5)
    at node:internal/main/run_main_module:33:47 {
  code: 'MODULE_NOT_FOUND',
  requireStack: []
}

Node.js v23.10.0
node:internal/modules/cjs/loader:1408
  throw err;
  ^

Error: Cannot find module '/Users/user268436/Desktop/BoilerBuzz/Server/aggregate.js'
    at Function._resolveFilename (node:internal/modules/cjs/loader:1405:15)
    at defaultResolveImpl (node:internal/modules/cjs/loader:1061:19)
    at resolveForCJSWithHooks (node:internal/modules/cjs/loader:1066:22)
    at Function._load (node:internal/modules/cjs/loader:1215:37)
    at TracingChannel.traceSync (node:diagnostics_channel:322:14)
    at wrapModuleLoad (node:internal/modules/cjs/loader:235:24)
    at Function.executeUserEntryPoint [as runMain] (node:internal/modules/run_main:151:5)
    at node:internal/main/run_main_module:33:47 {
  code: 'MODULE_NOT_FOUND',
  requireStack: []
}

Node.js v23.10.0
node:internal/modules/cjs/loader:1408
  throw err;
  ^

Error: Cannot find module '/Users/user268436/Desktop/BoilerBuzz/Server/aggregate.js'
    at Function._resolveFilename (node:internal/modules/cjs/loader:1405:15)
    at defaultResolveImpl (node:internal/modules/cjs/loader:1061:19)
    at resolveForCJSWithHooks (node:internal/modules/cjs/loader:1066:22)
    at Function._load (node:internal/modules/cjs/loader:1215:37)
    at TracingChannel.traceSync (node:diagnostics_channel:322:14)
    at wrapModuleLoad (node:internal/modules/cjs/loader:235:24)
    at Function.executeUserEntryPoint [as runMain] (node:internal/modules/run_main:151:5)
    at node:internal/main/run_main_module:33:47 {
  code: 'MODULE_NOT_FOUND',
  requireStack: []
}

Node.js v23.10.0
node:internal/modules/cjs/loader:1408
  throw err;
  ^

Error: Cannot find module '/Users/user268436/Desktop/BoilerBuzz/Server/aggregate.js'
    at Function._resolveFilename (node:internal/modules/cjs/loader:1405:15)
    at defaultResolveImpl (node:internal/modules/cjs/loader:1061:19)
    at resolveForCJSWithHooks (node:internal/modules/cjs/loader:1066:22)
    at Function._load (node:internal/modules/cjs/loader:1215:37)
    at TracingChannel.traceSync (node:diagnostics_channel:322:14)
    at wrapModuleLoad (node:internal/modules/cjs/loader:235:24)
    at Function.executeUserEntryPoint [as runMain] (node:internal/modules/run_main:151:5)
    at node:internal/main/run_main_module:33:47 {
  code: 'MODULE_NOT_FOUND',
  requireStack: []
}

Node.js v23.10.0
node:internal/modules/cjs/loader:1408
  throw err;
  ^

Error: Cannot find module '/Users/user268436/Desktop/BoilerBuzz/Server/aggregate.js'
    at Function._resolveFilename (node:internal/modules/cjs/loader:1405:15)
    at defaultResolveImpl (node:internal/modules/cjs/loader:1061:19)
    at resolveForCJSWithHooks (node:internal/modules/cjs/loader:1066:22)
    at Function._load (node:internal/modules/cjs/loader:1215:37)
    at TracingChannel.traceSync (node:diagnostics_channel:322:14)
    at wrapModuleLoad (node:internal/modules/cjs/loader:235:24)
    at Function.executeUserEntryPoint [as runMain] (node:internal/modules/run_main:151:5)
    at node:internal/main/run_main_module:33:47 {
  code: 'MODULE_NOT_FOUND',
  requireStack: []
}

Node.js v23.10.0
node:internal/modules/cjs/loader:1408
  throw err;
  ^

Error: Cannot find module '/Users/user268436/Desktop/BoilerBuzz/Server/aggregate.js'
    at Function._resolveFilename (node:internal/modules/cjs/loader:1405:15)
    at defaultResolveImpl (node:internal/modules/cjs/loader:1061:19)
    at resolveForCJSWithHooks (node:internal/modules/cjs/loader:1066:22)
    at Function._load (node:internal/modules/cjs/loader:1215:37)
    at TracingChannel.traceSync (node:diagnostics_channel:322:14)
    at wrapModuleLoad (node:internal/modules/cjs/loader:235:24)
    at Function.executeUserEntryPoint [as runMain] (node:internal/modules/run_main:151:5)
    at node:internal/main/run_main_module:33:47 {
  code: 'MODULE_NOT_FOUND',
  requireStack: []
}

Node.js v23.10.0
node:internal/modules/cjs/loader:1408
  throw err;
  ^

Error: Cannot find module '/Users/user268436/Desktop/BoilerBuzz/Server/aggregate.js'
    at Function._resolveFilename (node:internal/modules/cjs/loader:1405:15)
    at defaultResolveImpl (node:internal/modules/cjs/loader:1061:19)
    at resolveForCJSWithHooks (node:internal/modules/cjs/loader:1066:22)
    at Function._load (node:internal/modules/cjs/loader:1215:37)
    at TracingChannel.traceSync (node:diagnostics_channel:322:14)
    at wrapModuleLoad (node:internal/modules/cjs/loader:235:24)
    at Function.executeUserEntryPoint [as runMain] (node:internal/modules/run_main:151:5)
    at node:internal/main/run_main_module:33:47 {
  code: 'MODULE_NOT_FOUND',
  requireStack: []
}

Node.js v23.10.0
node:internal/modules/cjs/loader:1408
  throw err;
  ^

Error: Cannot find module '/Users/user268436/Desktop/BoilerBuzz/Server/aggregate.js'
    at Function._resolveFilename (node:internal/modules/cjs/loader:1405:15)
    at defaultResolveImpl (node:internal/modules/cjs/loader:1061:19)
    at resolveForCJSWithHooks (node:internal/modules/cjs/loader:1066:22)
    at Function._load (node:internal/modules/cjs/loader:1215:37)
    at TracingChannel.traceSync (node:diagnostics_channel:322:14)
    at wrapModuleLoad (node:internal/modules/cjs/loader:235:24)
    at Function.executeUserEntryPoint [as runMain] (node:internal/modules/run_main:151:5)
    at node:internal/main/run_main_module:33:47 {
  code: 'MODULE_NOT_FOUND',
  requireStack: []
}

Node.js v23.10.0
node:internal/modules/cjs/loader:1408
  throw err;
  ^

Error: Cannot find module '/Users/user268436/Desktop/BoilerBuzz/Server/aggregate.js'
    at Function._resolveFilename (node:internal/modules/cjs/loader:1405:15)
    at defaultResolveImpl (node:internal/modules/cjs/loader:1061:19)
    at resolveForCJSWithHooks (node:internal/modules/cjs/loader:1066:22)
    at Function._load (node:internal/modules/cjs/loader:1215:37)
    at TracingChannel.traceSync (node:diagnostics_channel:322:14)
    at wrapModuleLoad (node:internal/modules/cjs/loader:235:24)
    at Function.executeUserEntryPoint [as runMain] (node:internal/modules/run_main:151:5)
    at node:internal/main/run_main_module:33:47 {
  code: 'MODULE_NOT_FOUND',
  requireStack: []
}

Node.js v23.10.0
node:internal/modules/cjs/loader:1408
  throw err;
  ^

Error: Cannot find module '/Users/user268436/Desktop/BoilerBuzz/Server/aggregate.js'
    at Function._resolveFilename (node:internal/modules/cjs/loader:1405:15)
    at defaultResolveImpl (node:internal/modules/cjs/loader:1061:19)
    at resolveForCJSWithHooks (node:internal/modules/cjs/loader:1066:22)
    at Function._load (node:internal/modules/cjs/loader:1215:37)
    at TracingChannel.traceSync (node:diagnostics_channel:322:14)
    at wrapModuleLoad (node:internal/modules/cjs/loader:235:24)
    at Function.executeUserEntryPoint [as runMain] (node:internal/modules/run_main:151:5)
    at node:internal/main/run_main_module:33:47 {
  code: 'MODULE_NOT_FOUND',
  requireStack: []
}

Node.js v23.10.0
node:fs:443
    return binding.readFileUtf8(path, stringToFlags(options.flag));
                   ^

Error: EPERM: operation not permitted, open '/Users/user268436/Desktop/BoilerBuzz/Server/aggregate.js'
    at Object.readFileSync (node:fs:443:20)
    at defaultLoadImpl (node:internal/modules/cjs/loader:1128:17)
    at loadSource (node:internal/modules/cjs/loader:1761:20)
    at Object..js (node:internal/modules/cjs/loader:1893:44)
    at Module.load (node:internal/modules/cjs/loader:1469:32)
    at Function._load (node:internal/modules/cjs/loader:1286:12)
    at TracingChannel.traceSync (node:diagnostics_channel:322:14)
    at wrapModuleLoad (node:internal/modules/cjs/loader:235:24)
    at Function.executeUserEntryPoint [as runMain] (node:internal/modules/run_main:151:5)
    at node:internal/main/run_main_module:33:47 {
  errno: -1,
  code: 'EPERM',
  syscall: 'open',
  path: '/Users/user268436/Desktop/BoilerBuzz/Server/aggregate.js'
}

Node.js v23.10.0
node:fs:443
    return binding.readFileUtf8(path, stringToFlags(options.flag));
                   ^

Error: EPERM: operation not permitted, open '/Users/user268436/Desktop/BoilerBuzz/Server/aggregate.js'
    at Object.readFileSync (node:fs:443:20)
    at defaultLoadImpl (node:internal/modules/cjs/loader:1128:17)
    at loadSource (node:internal/modules/cjs/loader:1761:20)
    at Object..js (node:internal/modules/cjs/loader:1893:44)
    at Module.load (node:internal/modules/cjs/loader:1469:32)
    at Function._load (node:internal/modules/cjs/loader:1286:12)
    at TracingChannel.traceSync (node:diagnostics_channel:322:14)
    at wrapModuleLoad (node:internal/modules/cjs/loader:235:24)
    at Function.executeUserEntryPoint [as runMain] (node:internal/modules/run_main:151:5)
    at node:internal/main/run_main_module:33:47 {
  errno: -1,
  code: 'EPERM',
  syscall: 'open',
  path: '/Users/user268436/Desktop/BoilerBuzz/Server/aggregate.js'
}

Node.js v23.10.0
node:fs:443
    return binding.readFileUtf8(path, stringToFlags(options.flag));
                   ^

Error: EPERM: operation not permitted, open '/Users/user268436/Desktop/BoilerBuzz/Server/aggregate.js'
    at Object.readFileSync (node:fs:443:20)
    at defaultLoadImpl (node:internal/modules/cjs/loader:1128:17)
    at loadSource (node:internal/modules/cjs/loader:1761:20)
    at Object..js (node:internal/modules/cjs/loader:1893:44)
    at Module.load (node:internal/modules/cjs/loader:1469:32)
    at Function._load (node:internal/modules/cjs/loader:1286:12)
    at TracingChannel.traceSync (node:diagnostics_channel:322:14)
    at wrapModuleLoad (node:internal/modules/cjs/loader:235:24)
    at Function.executeUserEntryPoint [as runMain] (node:internal/modules/run_main:151:5)
    at node:internal/main/run_main_module:33:47 {
  errno: -1,
  code: 'EPERM',
  syscall: 'open',
  path: '/Users/user268436/Desktop/BoilerBuzz/Server/aggregate.js'
}

Node.js v23.10.0
node:fs:443
    return binding.readFileUtf8(path, stringToFlags(options.flag));
                   ^

Error: EPERM: operation not permitted, open '/Users/user268436/Desktop/BoilerBuzz/Server/aggregate.js'
    at Object.readFileSync (node:fs:443:20)
    at defaultLoadImpl (node:internal/modules/cjs/loader:1128:17)
    at loadSource (node:internal/modules/cjs/loader:1761:20)
    at Object..js (node:internal/modules/cjs/loader:1893:44)
    at Module.load (node:internal/modules/cjs/loader:1469:32)
    at Function._load (node:internal/modules/cjs/loader:1286:12)
    at TracingChannel.traceSync (node:diagnostics_channel:322:14)
    at wrapModuleLoad (node:internal/modules/cjs/loader:235:24)
    at Function.executeUserEntryPoint [as runMain] (node:internal/modules/run_main:151:5)
    at node:internal/main/run_main_module:33:47 {
  errno: -1,
  code: 'EPERM',
  syscall: 'open',
  path: '/Users/user268436/Desktop/BoilerBuzz/Server/aggregate.js'
}

Node.js v23.10.0
node:fs:443
    return binding.readFileUtf8(path, stringToFlags(options.flag));
                   ^

Error: EPERM: operation not permitted, open '/Users/user268436/Desktop/BoilerBuzz/Server/aggregate.js'
    at Object.readFileSync (node:fs:443:20)
    at defaultLoadImpl (node:internal/modules/cjs/loader:1128:17)
    at loadSource (node:internal/modules/cjs/loader:1761:20)
    at Object..js (node:internal/modules/cjs/loader:1893:44)
    at Module.load (node:internal/modules/cjs/loader:1469:32)
    at Function._load (node:internal/modules/cjs/loader:1286:12)
    at TracingChannel.traceSync (node:diagnostics_channel:322:14)
    at wrapModuleLoad (node:internal/modules/cjs/loader:235:24)
    at Function.executeUserEntryPoint [as runMain] (node:internal/modules/run_main:151:5)
    at node:internal/main/run_main_module:33:47 {
  errno: -1,
  code: 'EPERM',
  syscall: 'open',
  path: '/Users/user268436/Desktop/BoilerBuzz/Server/aggregate.js'
}

Node.js v23.10.0
node:fs:443
    return binding.readFileUtf8(path, stringToFlags(options.flag));
                   ^

Error: EPERM: operation not permitted, open '/Users/user268436/Desktop/BoilerBuzz/Server/aggregate.js'
    at Object.readFileSync (node:fs:443:20)
    at defaultLoadImpl (node:internal/modules/cjs/loader:1128:17)
    at loadSource (node:internal/modules/cjs/loader:1761:20)
    at Object..js (node:internal/modules/cjs/loader:1893:44)
    at Module.load (node:internal/modules/cjs/loader:1469:32)
    at Function._load (node:internal/modules/cjs/loader:1286:12)
    at TracingChannel.traceSync (node:diagnostics_channel:322:14)
    at wrapModuleLoad (node:internal/modules/cjs/loader:235:24)
    at Function.executeUserEntryPoint [as runMain] (node:internal/modules/run_main:151:5)
    at node:internal/main/run_main_module:33:47 {
  errno: -1,
  code: 'EPERM',
  syscall: 'open',
  path: '/Users/user268436/Desktop/BoilerBuzz/Server/aggregate.js'
}

Node.js v23.10.0
node:fs:443
    return binding.readFileUtf8(path, stringToFlags(options.flag));
                   ^

Error: EPERM: operation not permitted, open '/Users/user268436/Desktop/BoilerBuzz/Server/aggregate.js'
    at Object.readFileSync (node:fs:443:20)
    at defaultLoadImpl (node:internal/modules/cjs/loader:1128:17)
    at loadSource (node:internal/modules/cjs/loader:1761:20)
    at Object..js (node:internal/modules/cjs/loader:1893:44)
    at Module.load (node:internal/modules/cjs/loader:1469:32)
    at Function._load (node:internal/modules/cjs/loader:1286:12)
    at TracingChannel.traceSync (node:diagnostics_channel:322:14)
    at wrapModuleLoad (node:internal/modules/cjs/loader:235:24)
    at Function.executeUserEntryPoint [as runMain] (node:internal/modules/run_main:151:5)
    at node:internal/main/run_main_module:33:47 {
  errno: -1,
  code: 'EPERM',
  syscall: 'open',
  path: '/Users/user268436/Desktop/BoilerBuzz/Server/aggregate.js'
}

Node.js v23.10.0
node:fs:443
    return binding.readFileUtf8(path, stringToFlags(options.flag));
                   ^

Error: EPERM: operation not permitted, open '/Users/user268436/Desktop/BoilerBuzz/Server/aggregate.js'
    at Object.readFileSync (node:fs:443:20)
    at defaultLoadImpl (node:internal/modules/cjs/loader:1128:17)
    at loadSource (node:internal/modules/cjs/loader:1761:20)
    at Object..js (node:internal/modules/cjs/loader:1893:44)
    at Module.load (node:internal/modules/cjs/loader:1469:32)
    at Function._load (node:internal/modules/cjs/loader:1286:12)
    at TracingChannel.traceSync (node:diagnostics_channel:322:14)
    at wrapModuleLoad (node:internal/modules/cjs/loader:235:24)
    at Function.executeUserEntryPoint [as runMain] (node:internal/modules/run_main:151:5)
    at node:internal/main/run_main_module:33:47 {
  errno: -1,
  code: 'EPERM',
  syscall: 'open',
  path: '/Users/user268436/Desktop/BoilerBuzz/Server/aggregate.js'
}

Node.js v23.10.0
node:fs:443
    return binding.readFileUtf8(path, stringToFlags(options.flag));
                   ^

Error: EPERM: operation not permitted, open '/Users/user268436/Desktop/BoilerBuzz/Server/aggregate.js'
    at Object.readFileSync (node:fs:443:20)
    at defaultLoadImpl (node:internal/modules/cjs/loader:1128:17)
    at loadSource (node:internal/modules/cjs/loader:1761:20)
    at Object..js (node:internal/modules/cjs/loader:1893:44)
    at Module.load (node:internal/modules/cjs/loader:1469:32)
    at Function._load (node:internal/modules/cjs/loader:1286:12)
    at TracingChannel.traceSync (node:diagnostics_channel:322:14)
    at wrapModuleLoad (node:internal/modules/cjs/loader:235:24)
    at Function.executeUserEntryPoint [as runMain] (node:internal/modules/run_main:151:5)
    at node:internal/main/run_main_module:33:47 {
  errno: -1,
  code: 'EPERM',
  syscall: 'open',
  path: '/Users/user268436/Desktop/BoilerBuzz/Server/aggregate.js'
}

Node.js v23.10.0
node:fs:443
    return binding.readFileUtf8(path, stringToFlags(options.flag));
                   ^

Error: EPERM: operation not permitted, open '/Users/user268436/Desktop/BoilerBuzz/Server/aggregate.js'
    at Object.readFileSync (node:fs:443:20)
    at defaultLoadImpl (node:internal/modules/cjs/loader:1128:17)
    at loadSource (node:internal/modules/cjs/loader:1761:20)
    at Object..js (node:internal/modules/cjs/loader:1893:44)
    at Module.load (node:internal/modules/cjs/loader:1469:32)
    at Function._load (node:internal/modules/cjs/loader:1286:12)
    at TracingChannel.traceSync (node:diagnostics_channel:322:14)
    at wrapModuleLoad (node:internal/modules/cjs/loader:235:24)
    at Function.executeUserEntryPoint [as runMain] (node:internal/modules/run_main:151:5)
    at node:internal/main/run_main_module:33:47 {
  errno: -1,
  code: 'EPERM',
  syscall: 'open',
  path: '/Users/user268436/Desktop/BoilerBuzz/Server/aggregate.js'
}

Node.js v23.10.0
node:fs:443
    return binding.readFileUtf8(path, stringToFlags(options.flag));
                   ^

Error: EPERM: operation not permitted, open '/Users/user268436/Desktop/BoilerBuzz/Server/aggregate.js'
    at Object.readFileSync (node:fs:443:20)
    at defaultLoadImpl (node:internal/modules/cjs/loader:1128:17)
    at loadSource (node:internal/modules/cjs/loader:1761:20)
    at Object..js (node:internal/modules/cjs/loader:1893:44)
    at Module.load (node:internal/modules/cjs/loader:1469:32)
    at Function._load (node:internal/modules/cjs/loader:1286:12)
    at TracingChannel.traceSync (node:diagnostics_channel:322:14)
    at wrapModuleLoad (node:internal/modules/cjs/loader:235:24)
    at Function.executeUserEntryPoint [as runMain] (node:internal/modules/run_main:151:5)
    at node:internal/main/run_main_module:33:47 {
  errno: -1,
  code: 'EPERM',
  syscall: 'open',
  path: '/Users/user268436/Desktop/BoilerBuzz/Server/aggregate.js'
}

Node.js v23.10.0
node:fs:443
    return binding.readFileUtf8(path, stringToFlags(options.flag));
                   ^

Error: EPERM: operation not permitted, open '/Users/user268436/Desktop/BoilerBuzz/Server/aggregate.js'
    at Object.readFileSync (node:fs:443:20)
    at defaultLoadImpl (node:internal/modules/cjs/loader:1128:17)
    at loadSource (node:internal/modules/cjs/loader:1761:20)
    at Object..js (node:internal/modules/cjs/loader:1893:44)
    at Module.load (node:internal/modules/cjs/loader:1469:32)
    at Function._load (node:internal/modules/cjs/loader:1286:12)
    at TracingChannel.traceSync (node:diagnostics_channel:322:14)
    at wrapModuleLoad (node:internal/modules/cjs/loader:235:24)
    at Function.executeUserEntryPoint [as runMain] (node:internal/modules/run_main:151:5)
    at node:internal/main/run_main_module:33:47 {
  errno: -1,
  code: 'EPERM',
  syscall: 'open',
  path: '/Users/user268436/Desktop/BoilerBuzz/Server/aggregate.js'
}

Node.js v23.10.0
node:fs:443
    return binding.readFileUtf8(path, stringToFlags(options.flag));
                   ^

Error: EPERM: operation not permitted, open '/Users/user268436/Desktop/BoilerBuzz/Server/aggregate.js'
    at Object.readFileSync (node:fs:443:20)
    at defaultLoadImpl (node:internal/modules/cjs/loader:1128:17)
    at loadSource (node:internal/modules/cjs/loader:1761:20)
    at Object..js (node:internal/modules/cjs/loader:1893:44)
    at Module.load (node:internal/modules/cjs/loader:1469:32)
    at Function._load (node:internal/modules/cjs/loader:1286:12)
    at TracingChannel.traceSync (node:diagnostics_channel:322:14)
    at wrapModuleLoad (node:internal/modules/cjs/loader:235:24)
    at Function.executeUserEntryPoint [as runMain] (node:internal/modules/run_main:151:5)
    at node:internal/main/run_main_module:33:47 {
  errno: -1,
  code: 'EPERM',
  syscall: 'open',
  path: '/Users/user268436/Desktop/BoilerBuzz/Server/aggregate.js'
}

Node.js v23.10.0
node:fs:443
    return binding.readFileUtf8(path, stringToFlags(options.flag));
                   ^

Error: EPERM: operation not permitted, open '/Users/user268436/Desktop/BoilerBuzz/Server/aggregate.js'
    at Object.readFileSync (node:fs:443:20)
    at defaultLoadImpl (node:internal/modules/cjs/loader:1128:17)
    at loadSource (node:internal/modules/cjs/loader:1761:20)
    at Object..js (node:internal/modules/cjs/loader:1893:44)
    at Module.load (node:internal/modules/cjs/loader:1469:32)
    at Function._load (node:internal/modules/cjs/loader:1286:12)
    at TracingChannel.traceSync (node:diagnostics_channel:322:14)
    at wrapModuleLoad (node:internal/modules/cjs/loader:235:24)
    at Function.executeUserEntryPoint [as runMain] (node:internal/modules/run_main:151:5)
    at node:internal/main/run_main_module:33:47 {
  errno: -1,
  code: 'EPERM',
  syscall: 'open',
  path: '/Users/user268436/Desktop/BoilerBuzz/Server/aggregate.js'
}

Node.js v23.10.0
node:fs:443
    return binding.readFileUtf8(path, stringToFlags(options.flag));
                   ^

Error: EPERM: operation not permitted, open '/Users/user268436/Desktop/BoilerBuzz/Server/aggregate.js'
    at Object.readFileSync (node:fs:443:20)
    at defaultLoadImpl (node:internal/modules/cjs/loader:1128:17)
    at loadSource (node:internal/modules/cjs/loader:1761:20)
    at Object..js (node:internal/modules/cjs/loader:1893:44)
    at Module.load (node:internal/modules/cjs/loader:1469:32)
    at Function._load (node:internal/modules/cjs/loader:1286:12)
    at TracingChannel.traceSync (node:diagnostics_channel:322:14)
    at wrapModuleLoad (node:internal/modules/cjs/loader:235:24)
    at Function.executeUserEntryPoint [as runMain] (node:internal/modules/run_main:151:5)
    at node:internal/main/run_main_module:33:47 {
  errno: -1,
  code: 'EPERM',
  syscall: 'open',
  path: '/Users/user268436/Desktop/BoilerBuzz/Server/aggregate.js'
}

Node.js v23.10.0
node:fs:443
    return binding.readFileUtf8(path, stringToFlags(options.flag));
                   ^

Error: EPERM: operation not permitted, open '/Users/user268436/Desktop/BoilerBuzz/Server/aggregate.js'
    at Object.readFileSync (node:fs:443:20)
    at defaultLoadImpl (node:internal/modules/cjs/loader:1128:17)
    at loadSource (node:internal/modules/cjs/loader:1761:20)
    at Object..js (node:internal/modules/cjs/loader:1893:44)
    at Module.load (node:internal/modules/cjs/loader:1469:32)
    at Function._load (node:internal/modules/cjs/loader:1286:12)
    at TracingChannel.traceSync (node:diagnostics_channel:322:14)
    at wrapModuleLoad (node:internal/modules/cjs/loader:235:24)
    at Function.executeUserEntryPoint [as runMain] (node:internal/modules/run_main:151:5)
    at node:internal/main/run_main_module:33:47 {
  errno: -1,
  code: 'EPERM',
  syscall: 'open',
  path: '/Users/user268436/Desktop/BoilerBuzz/Server/aggregate.js'
}

Node.js v23.10.0
node:fs:443
    return binding.readFileUtf8(path, stringToFlags(options.flag));
                   ^

Error: EPERM: operation not permitted, open '/Users/user268436/Desktop/BoilerBuzz/Server/aggregate.js'
    at Object.readFileSync (node:fs:443:20)
    at defaultLoadImpl (node:internal/modules/cjs/loader:1128:17)
    at loadSource (node:internal/modules/cjs/loader:1761:20)
    at Object..js (node:internal/modules/cjs/loader:1893:44)
    at Module.load (node:internal/modules/cjs/loader:1469:32)
    at Function._load (node:internal/modules/cjs/loader:1286:12)
    at TracingChannel.traceSync (node:diagnostics_channel:322:14)
    at wrapModuleLoad (node:internal/modules/cjs/loader:235:24)
    at Function.executeUserEntryPoint [as runMain] (node:internal/modules/run_main:151:5)
    at node:internal/main/run_main_module:33:47 {
  errno: -1,
  code: 'EPERM',
  syscall: 'open',
  path: '/Users/user268436/Desktop/BoilerBuzz/Server/aggregate.js'
}

Node.js v23.10.0
node:fs:443
    return binding.readFileUtf8(path, stringToFlags(options.flag));
                   ^

Error: EPERM: operation not permitted, open '/Users/user268436/Desktop/BoilerBuzz/Server/aggregate.js'
    at Object.readFileSync (node:fs:443:20)
    at defaultLoadImpl (node:internal/modules/cjs/loader:1128:17)
    at loadSource (node:internal/modules/cjs/loader:1761:20)
    at Object..js (node:internal/modules/cjs/loader:1893:44)
    at Module.load (node:internal/modules/cjs/loader:1469:32)
    at Function._load (node:internal/modules/cjs/loader:1286:12)
    at TracingChannel.traceSync (node:diagnostics_channel:322:14)
    at wrapModuleLoad (node:internal/modules/cjs/loader:235:24)
    at Function.executeUserEntryPoint [as runMain] (node:internal/modules/run_main:151:5)
    at node:internal/main/run_main_module:33:47 {
  errno: -1,
  code: 'EPERM',
  syscall: 'open',
  path: '/Users/user268436/Desktop/BoilerBuzz/Server/aggregate.js'
}

Node.js v23.10.0
node:fs:443
    return binding.readFileUtf8(path, stringToFlags(options.flag));
                   ^

Error: EPERM: operation not permitted, open '/Users/user268436/Desktop/BoilerBuzz/Server/aggregate.js'
    at Object.readFileSync (node:fs:443:20)
    at defaultLoadImpl (node:internal/modules/cjs/loader:1128:17)
    at loadSource (node:internal/modules/cjs/loader:1761:20)
    at Object..js (node:internal/modules/cjs/loader:1893:44)
    at Module.load (node:internal/modules/cjs/loader:1469:32)
    at Function._load (node:internal/modules/cjs/loader:1286:12)
    at TracingChannel.traceSync (node:diagnostics_channel:322:14)
    at wrapModuleLoad (node:internal/modules/cjs/loader:235:24)
    at Function.executeUserEntryPoint [as runMain] (node:internal/modules/run_main:151:5)
    at node:internal/main/run_main_module:33:47 {
  errno: -1,
  code: 'EPERM',
  syscall: 'open',
  path: '/Users/user268436/Desktop/BoilerBuzz/Server/aggregate.js'
}

Node.js v23.10.0
node:fs:443
    return binding.readFileUtf8(path, stringToFlags(options.flag));
                   ^

Error: EPERM: operation not permitted, open '/Users/user268436/Desktop/BoilerBuzz/Server/aggregate.js'
    at Object.readFileSync (node:fs:443:20)
    at defaultLoadImpl (node:internal/modules/cjs/loader:1128:17)
    at loadSource (node:internal/modules/cjs/loader:1761:20)
    at Object..js (node:internal/modules/cjs/loader:1893:44)
    at Module.load (node:internal/modules/cjs/loader:1469:32)
    at Function._load (node:internal/modules/cjs/loader:1286:12)
    at TracingChannel.traceSync (node:diagnostics_channel:322:14)
    at wrapModuleLoad (node:internal/modules/cjs/loader:235:24)
    at Function.executeUserEntryPoint [as runMain] (node:internal/modules/run_main:151:5)
    at node:internal/main/run_main_module:33:47 {
  errno: -1,
  code: 'EPERM',
  syscall: 'open',
  path: '/Users/user268436/Desktop/BoilerBuzz/Server/aggregate.js'
}

Node.js v23.10.0
node:fs:443
    return binding.readFileUtf8(path, stringToFlags(options.flag));
                   ^

Error: EPERM: operation not permitted, open '/Users/user268436/Desktop/BoilerBuzz/Server/aggregate.js'
    at Object.readFileSync (node:fs:443:20)
    at defaultLoadImpl (node:internal/modules/cjs/loader:1128:17)
    at loadSource (node:internal/modules/cjs/loader:1761:20)
    at Object..js (node:internal/modules/cjs/loader:1893:44)
    at Module.load (node:internal/modules/cjs/loader:1469:32)
    at Function._load (node:internal/modules/cjs/loader:1286:12)
    at TracingChannel.traceSync (node:diagnostics_channel:322:14)
    at wrapModuleLoad (node:internal/modules/cjs/loader:235:24)
    at Function.executeUserEntryPoint [as runMain] (node:internal/modules/run_main:151:5)
    at node:internal/main/run_main_module:33:47 {
  errno: -1,
  code: 'EPERM',
  syscall: 'open',
  path: '/Users/user268436/Desktop/BoilerBuzz/Server/aggregate.js'
}

Node.js v23.10.0
node:fs:443
    return binding.readFileUtf8(path, stringToFlags(options.flag));
                   ^

Error: EPERM: operation not permitted, open '/Users/user268436/Desktop/BoilerBuzz/Server/aggregate.js'
    at Object.readFileSync (node:fs:443:20)
    at defaultLoadImpl (node:internal/modules/cjs/loader:1128:17)
    at loadSource (node:internal/modules/cjs/loader:1761:20)
    at Object..js (node:internal/modules/cjs/loader:1893:44)
    at Module.load (node:internal/modules/cjs/loader:1469:32)
    at Function._load (node:internal/modules/cjs/loader:1286:12)
    at TracingChannel.traceSync (node:diagnostics_channel:322:14)
    at wrapModuleLoad (node:internal/modules/cjs/loader:235:24)
    at Function.executeUserEntryPoint [as runMain] (node:internal/modules/run_main:151:5)
    at node:internal/main/run_main_module:33:47 {
  errno: -1,
  code: 'EPERM',
  syscall: 'open',
  path: '/Users/user268436/Desktop/BoilerBuzz/Server/aggregate.js'
}

Node.js v23.10.0
node:fs:443
    return binding.readFileUtf8(path, stringToFlags(options.flag));
                   ^

Error: EPERM: operation not permitted, open '/Users/user268436/Desktop/BoilerBuzz/Server/aggregate.js'
    at Object.readFileSync (node:fs:443:20)
    at defaultLoadImpl (node:internal/modules/cjs/loader:1128:17)
    at loadSource (node:internal/modules/cjs/loader:1761:20)
    at Object..js (node:internal/modules/cjs/loader:1893:44)
    at Module.load (node:internal/modules/cjs/loader:1469:32)
    at Function._load (node:internal/modules/cjs/loader:1286:12)
    at TracingChannel.traceSync (node:diagnostics_channel:322:14)
    at wrapModuleLoad (node:internal/modules/cjs/loader:235:24)
    at Function.executeUserEntryPoint [as runMain] (node:internal/modules/run_main:151:5)
    at node:internal/main/run_main_module:33:47 {
  errno: -1,
  code: 'EPERM',
  syscall: 'open',
  path: '/Users/user268436/Desktop/BoilerBuzz/Server/aggregate.js'
}

Node.js v23.10.0
node:fs:443
    return binding.readFileUtf8(path, stringToFlags(options.flag));
                   ^

Error: EPERM: operation not permitted, open '/Users/user268436/Desktop/BoilerBuzz/Server/aggregate.js'
    at Object.readFileSync (node:fs:443:20)
    at defaultLoadImpl (node:internal/modules/cjs/loader:1128:17)
    at loadSource (node:internal/modules/cjs/loader:1761:20)
    at Object..js (node:internal/modules/cjs/loader:1893:44)
    at Module.load (node:internal/modules/cjs/loader:1469:32)
    at Function._load (node:internal/modules/cjs/loader:1286:12)
    at TracingChannel.traceSync (node:diagnostics_channel:322:14)
    at wrapModuleLoad (node:internal/modules/cjs/loader:235:24)
    at Function.executeUserEntryPoint [as runMain] (node:internal/modules/run_main:151:5)
    at node:internal/main/run_main_module:33:47 {
  errno: -1,
  code: 'EPERM',
  syscall: 'open',
  path: '/Users/user268436/Desktop/BoilerBuzz/Server/aggregate.js'
}

Node.js v23.10.0
node:fs:443
    return binding.readFileUtf8(path, stringToFlags(options.flag));
                   ^

Error: EPERM: operation not permitted, open '/Users/user268436/Desktop/BoilerBuzz/Server/aggregate.js'
    at Object.readFileSync (node:fs:443:20)
    at defaultLoadImpl (node:internal/modules/cjs/loader:1128:17)
    at loadSource (node:internal/modules/cjs/loader:1761:20)
    at Object..js (node:internal/modules/cjs/loader:1893:44)
    at Module.load (node:internal/modules/cjs/loader:1469:32)
    at Function._load (node:internal/modules/cjs/loader:1286:12)
    at TracingChannel.traceSync (node:diagnostics_channel:322:14)
    at wrapModuleLoad (node:internal/modules/cjs/loader:235:24)
    at Function.executeUserEntryPoint [as runMain] (node:internal/modules/run_main:151:5)
    at node:internal/main/run_main_module:33:47 {
  errno: -1,
  code: 'EPERM',
  syscall: 'open',
  path: '/Users/user268436/Desktop/BoilerBuzz/Server/aggregate.js'
}

Node.js v23.10.0
node:fs:443
    return binding.readFileUtf8(path, stringToFlags(options.flag));
                   ^

Error: EPERM: operation not permitted, open '/Users/user268436/Desktop/BoilerBuzz/Server/aggregate.js'
    at Object.readFileSync (node:fs:443:20)
    at defaultLoadImpl (node:internal/modules/cjs/loader:1128:17)
    at loadSource (node:internal/modules/cjs/loader:1761:20)
    at Object..js (node:internal/modules/cjs/loader:1893:44)
    at Module.load (node:internal/modules/cjs/loader:1469:32)
    at Function._load (node:internal/modules/cjs/loader:1286:12)
    at TracingChannel.traceSync (node:diagnostics_channel:322:14)
    at wrapModuleLoad (node:internal/modules/cjs/loader:235:24)
    at Function.executeUserEntryPoint [as runMain] (node:internal/modules/run_main:151:5)
    at node:internal/main/run_main_module:33:47 {
  errno: -1,
  code: 'EPERM',
  syscall: 'open',
  path: '/Users/user268436/Desktop/BoilerBuzz/Server/aggregate.js'
}

Node.js v23.10.0
node:fs:443
    return binding.readFileUtf8(path, stringToFlags(options.flag));
                   ^

Error: EPERM: operation not permitted, open '/Users/user268436/Desktop/BoilerBuzz/Server/aggregate.js'
    at Object.readFileSync (node:fs:443:20)
    at defaultLoadImpl (node:internal/modules/cjs/loader:1128:17)
    at loadSource (node:internal/modules/cjs/loader:1761:20)
    at Object..js (node:internal/modules/cjs/loader:1893:44)
    at Module.load (node:internal/modules/cjs/loader:1469:32)
    at Function._load (node:internal/modules/cjs/loader:1286:12)
    at TracingChannel.traceSync (node:diagnostics_channel:322:14)
    at wrapModuleLoad (node:internal/modules/cjs/loader:235:24)
    at Function.executeUserEntryPoint [as runMain] (node:internal/modules/run_main:151:5)
    at node:internal/main/run_main_module:33:47 {
  errno: -1,
  code: 'EPERM',
  syscall: 'open',
  path: '/Users/user268436/Desktop/BoilerBuzz/Server/aggregate.js'
}

Node.js v23.10.0
node:fs:443
    return binding.readFileUtf8(path, stringToFlags(options.flag));
                   ^

Error: EPERM: operation not permitted, open '/Users/user268436/Desktop/BoilerBuzz/Server/aggregate.js'
    at Object.readFileSync (node:fs:443:20)
    at defaultLoadImpl (node:internal/modules/cjs/loader:1128:17)
    at loadSource (node:internal/modules/cjs/loader:1761:20)
    at Object..js (node:internal/modules/cjs/loader:1893:44)
    at Module.load (node:internal/modules/cjs/loader:1469:32)
    at Function._load (node:internal/modules/cjs/loader:1286:12)
    at TracingChannel.traceSync (node:diagnostics_channel:322:14)
    at wrapModuleLoad (node:internal/modules/cjs/loader:235:24)
    at Function.executeUserEntryPoint [as runMain] (node:internal/modules/run_main:151:5)
    at node:internal/main/run_main_module:33:47 {
  errno: -1,
  code: 'EPERM',
  syscall: 'open',
  path: '/Users/user268436/Desktop/BoilerBuzz/Server/aggregate.js'
}

Node.js v23.10.0
node:fs:443
    return binding.readFileUtf8(path, stringToFlags(options.flag));
                   ^

Error: EPERM: operation not permitted, open '/Users/user268436/Desktop/BoilerBuzz/Server/aggregate.js'
    at Object.readFileSync (node:fs:443:20)
    at defaultLoadImpl (node:internal/modules/cjs/loader:1128:17)
    at loadSource (node:internal/modules/cjs/loader:1761:20)
    at Object..js (node:internal/modules/cjs/loader:1893:44)
    at Module.load (node:internal/modules/cjs/loader:1469:32)
    at Function._load (node:internal/modules/cjs/loader:1286:12)
    at TracingChannel.traceSync (node:diagnostics_channel:322:14)
    at wrapModuleLoad (node:internal/modules/cjs/loader:235:24)
    at Function.executeUserEntryPoint [as runMain] (node:internal/modules/run_main:151:5)
    at node:internal/main/run_main_module:33:47 {
  errno: -1,
  code: 'EPERM',
  syscall: 'open',
  path: '/Users/user268436/Desktop/BoilerBuzz/Server/aggregate.js'
}

Node.js v23.10.0
node:fs:443
    return binding.readFileUtf8(path, stringToFlags(options.flag));
                   ^

Error: EPERM: operation not permitted, open '/Users/user268436/Desktop/BoilerBuzz/Server/aggregate.js'
    at Object.readFileSync (node:fs:443:20)
    at defaultLoadImpl (node:internal/modules/cjs/loader:1128:17)
    at loadSource (node:internal/modules/cjs/loader:1761:20)
    at Object..js (node:internal/modules/cjs/loader:1893:44)
    at Module.load (node:internal/modules/cjs/loader:1469:32)
    at Function._load (node:internal/modules/cjs/loader:1286:12)
    at TracingChannel.traceSync (node:diagnostics_channel:322:14)
    at wrapModuleLoad (node:internal/modules/cjs/loader:235:24)
    at Function.executeUserEntryPoint [as runMain] (node:internal/modules/run_main:151:5)
    at node:internal/main/run_main_module:33:47 {
  errno: -1,
  code: 'EPERM',
  syscall: 'open',
  path: '/Users/user268436/Desktop/BoilerBuzz/Server/aggregate.js'
}

Node.js v23.10.0
node:fs:443
    return binding.readFileUtf8(path, stringToFlags(options.flag));
                   ^

Error: EPERM: operation not permitted, open '/Users/user268436/Desktop/BoilerBuzz/Server/aggregate.js'
    at Object.readFileSync (node:fs:443:20)
    at defaultLoadImpl (node:internal/modules/cjs/loader:1128:17)
    at loadSource (node:internal/modules/cjs/loader:1761:20)
    at Object..js (node:internal/modules/cjs/loader:1893:44)
    at Module.load (node:internal/modules/cjs/loader:1469:32)
    at Function._load (node:internal/modules/cjs/loader:1286:12)
    at TracingChannel.traceSync (node:diagnostics_channel:322:14)
    at wrapModuleLoad (node:internal/modules/cjs/loader:235:24)
    at Function.executeUserEntryPoint [as runMain] (node:internal/modules/run_main:151:5)
    at node:internal/main/run_main_module:33:47 {
  errno: -1,
  code: 'EPERM',
  syscall: 'open',
  path: '/Users/user268436/Desktop/BoilerBuzz/Server/aggregate.js'
}

Node.js v23.10.0
node:fs:443
    return binding.readFileUtf8(path, stringToFlags(options.flag));
                   ^

Error: EPERM: operation not permitted, open '/Users/user268436/Desktop/BoilerBuzz/Server/aggregate.js'
    at Object.readFileSync (node:fs:443:20)
    at defaultLoadImpl (node:internal/modules/cjs/loader:1128:17)
    at loadSource (node:internal/modules/cjs/loader:1761:20)
    at Object..js (node:internal/modules/cjs/loader:1893:44)
    at Module.load (node:internal/modules/cjs/loader:1469:32)
    at Function._load (node:internal/modules/cjs/loader:1286:12)
    at TracingChannel.traceSync (node:diagnostics_channel:322:14)
    at wrapModuleLoad (node:internal/modules/cjs/loader:235:24)
    at Function.executeUserEntryPoint [as runMain] (node:internal/modules/run_main:151:5)
    at node:internal/main/run_main_module:33:47 {
  errno: -1,
  code: 'EPERM',
  syscall: 'open',
  path: '/Users/user268436/Desktop/BoilerBuzz/Server/aggregate.js'
}

Node.js v23.10.0
